This is pdfTeX, Version 3.14159265-2.6-1.40.17 (TeX Live 2016/Debian) (preloaded format=pdflatex 2018.12.7)  22 APR 2020 16:12
entering extended mode
 restricted \write18 enabled.
 %&-line parsing enabled.
**DieRunen.tex
(./DieRunen.tex
LaTeX2e <2017/01/01> patch level 3
Babel <3.9r> and hyphenation patterns for 12 language(s) loaded.
(/usr/share/texlive/texmf-dist/tex/latex/base/book.cls
Document Class: book 2014/09/29 v1.4h Standard LaTeX document class
(/usr/share/texlive/texmf-dist/tex/latex/base/bk11.clo
File: bk11.clo 2014/09/29 v1.4h Standard LaTeX file (size option)
)
\c@part=\count79
\c@chapter=\count80
\c@section=\count81
\c@subsection=\count82
\c@subsubsection=\count83
\c@paragraph=\count84
\c@subparagraph=\count85
\c@figure=\count86
\c@table=\count87
\abovecaptionskip=\skip41
\belowcaptionskip=\skip42
\bibindent=\dimen102
)
(/usr/share/texlive/texmf-dist/tex/latex/base/fontenc.sty
Package: fontenc 2017/02/22 v2.0g Standard LaTeX package

(/usr/share/texlive/texmf-dist/tex/latex/base/t1enc.def
File: t1enc.def 2017/02/22 v2.0g Standard LaTeX file
LaTeX Font Info:    Redeclaring font encoding T1 on input line 48.
))
(/usr/share/texlive/texmf-dist/tex/generic/babel/babel.sty
Package: babel 2016/04/23 3.9r The Babel package

(/usr/share/texlive/texmf-dist/tex/generic/babel-german/ngerman.ldf
Language: ngerman 2016/11/02 v2.9 German support for babel (new orthography)

(/usr/share/texlive/texmf-dist/tex/generic/babel-german/ngermanb.ldf
Language: ngermanb 2016/11/02 v2.9 German support for babel (new orthography)

(/usr/share/texlive/texmf-dist/tex/generic/babel/babel.def
File: babel.def 2016/04/23 3.9r Babel common definitions
\babel@savecnt=\count88
\U@D=\dimen103
)
Package babel Info: Making " an active character on input line 125.
)))
(/usr/share/texlive/texmf-dist/tex/latex/base/inputenc.sty
Package: inputenc 2015/03/17 v1.2c Input encoding file
\inpenc@prehook=\toks14
\inpenc@posthook=\toks15

(/usr/share/texlive/texmf-dist/tex/latex/base/utf8.def
File: utf8.def 2017/01/28 v1.1t UTF-8 support for inputenc
Now handling font encoding OML ...
... no UTF-8 mapping file for font encoding OML
Now handling font encoding T1 ...
... processing UTF-8 mapping file for font encoding T1

(/usr/share/texlive/texmf-dist/tex/latex/base/t1enc.dfu
File: t1enc.dfu 2017/01/28 v1.1t UTF-8 support for inputenc
   defining Unicode char U+00A0 (decimal 160)
   defining Unicode char U+00A1 (decimal 161)
   defining Unicode char U+00A3 (decimal 163)
   defining Unicode char U+00AB (decimal 171)
   defining Unicode char U+00AD (decimal 173)
   defining Unicode char U+00BB (decimal 187)
   defining Unicode char U+00BF (decimal 191)
   defining Unicode char U+00C0 (decimal 192)
   defining Unicode char U+00C1 (decimal 193)
   defining Unicode char U+00C2 (decimal 194)
   defining Unicode char U+00C3 (decimal 195)
   defining Unicode char U+00C4 (decimal 196)
   defining Unicode char U+00C5 (decimal 197)
   defining Unicode char U+00C6 (decimal 198)
   defining Unicode char U+00C7 (decimal 199)
   defining Unicode char U+00C8 (decimal 200)
   defining Unicode char U+00C9 (decimal 201)
   defining Unicode char U+00CA (decimal 202)
   defining Unicode char U+00CB (decimal 203)
   defining Unicode char U+00CC (decimal 204)
   defining Unicode char U+00CD (decimal 205)
   defining Unicode char U+00CE (decimal 206)
   defining Unicode char U+00CF (decimal 207)
   defining Unicode char U+00D0 (decimal 208)
   defining Unicode char U+00D1 (decimal 209)
   defining Unicode char U+00D2 (decimal 210)
   defining Unicode char U+00D3 (decimal 211)
   defining Unicode char U+00D4 (decimal 212)
   defining Unicode char U+00D5 (decimal 213)
   defining Unicode char U+00D6 (decimal 214)
   defining Unicode char U+00D8 (decimal 216)
   defining Unicode char U+00D9 (decimal 217)
   defining Unicode char U+00DA (decimal 218)
   defining Unicode char U+00DB (decimal 219)
   defining Unicode char U+00DC (decimal 220)
   defining Unicode char U+00DD (decimal 221)
   defining Unicode char U+00DE (decimal 222)
   defining Unicode char U+00DF (decimal 223)
   defining Unicode char U+00E0 (decimal 224)
   defining Unicode char U+00E1 (decimal 225)
   defining Unicode char U+00E2 (decimal 226)
   defining Unicode char U+00E3 (decimal 227)
   defining Unicode char U+00E4 (decimal 228)
   defining Unicode char U+00E5 (decimal 229)
   defining Unicode char U+00E6 (decimal 230)
   defining Unicode char U+00E7 (decimal 231)
   defining Unicode char U+00E8 (decimal 232)
   defining Unicode char U+00E9 (decimal 233)
   defining Unicode char U+00EA (decimal 234)
   defining Unicode char U+00EB (decimal 235)
   defining Unicode char U+00EC (decimal 236)
   defining Unicode char U+00ED (decimal 237)
   defining Unicode char U+00EE (decimal 238)
   defining Unicode char U+00EF (decimal 239)
   defining Unicode char U+00F0 (decimal 240)
   defining Unicode char U+00F1 (decimal 241)
   defining Unicode char U+00F2 (decimal 242)
   defining Unicode char U+00F3 (decimal 243)
   defining Unicode char U+00F4 (decimal 244)
   defining Unicode char U+00F5 (decimal 245)
   defining Unicode char U+00F6 (decimal 246)
   defining Unicode char U+00F8 (decimal 248)
   defining Unicode char U+00F9 (decimal 249)
   defining Unicode char U+00FA (decimal 250)
   defining Unicode char U+00FB (decimal 251)
   defining Unicode char U+00FC (decimal 252)
   defining Unicode char U+00FD (decimal 253)
   defining Unicode char U+00FE (decimal 254)
   defining Unicode char U+00FF (decimal 255)
   defining Unicode char U+0100 (decimal 256)
   defining Unicode char U+0101 (decimal 257)
   defining Unicode char U+0102 (decimal 258)
   defining Unicode char U+0103 (decimal 259)
   defining Unicode char U+0104 (decimal 260)
   defining Unicode char U+0105 (decimal 261)
   defining Unicode char U+0106 (decimal 262)
   defining Unicode char U+0107 (decimal 263)
   defining Unicode char U+0108 (decimal 264)
   defining Unicode char U+0109 (decimal 265)
   defining Unicode char U+010A (decimal 266)
   defining Unicode char U+010B (decimal 267)
   defining Unicode char U+010C (decimal 268)
   defining Unicode char U+010D (decimal 269)
   defining Unicode char U+010E (decimal 270)
   defining Unicode char U+010F (decimal 271)
   defining Unicode char U+0110 (decimal 272)
   defining Unicode char U+0111 (decimal 273)
   defining Unicode char U+0112 (decimal 274)
   defining Unicode char U+0113 (decimal 275)
   defining Unicode char U+0114 (decimal 276)
   defining Unicode char U+0115 (decimal 277)
   defining Unicode char U+0116 (decimal 278)
   defining Unicode char U+0117 (decimal 279)
   defining Unicode char U+0118 (decimal 280)
   defining Unicode char U+0119 (decimal 281)
   defining Unicode char U+011A (decimal 282)
   defining Unicode char U+011B (decimal 283)
   defining Unicode char U+011C (decimal 284)
   defining Unicode char U+011D (decimal 285)
   defining Unicode char U+011E (decimal 286)
   defining Unicode char U+011F (decimal 287)
   defining Unicode char U+0120 (decimal 288)
   defining Unicode char U+0121 (decimal 289)
   defining Unicode char U+0122 (decimal 290)
   defining Unicode char U+0123 (decimal 291)
   defining Unicode char U+0124 (decimal 292)
   defining Unicode char U+0125 (decimal 293)
   defining Unicode char U+0128 (decimal 296)
   defining Unicode char U+0129 (decimal 297)
   defining Unicode char U+012A (decimal 298)
   defining Unicode char U+012B (decimal 299)
   defining Unicode char U+012C (decimal 300)
   defining Unicode char U+012D (decimal 301)
   defining Unicode char U+012E (decimal 302)
   defining Unicode char U+012F (decimal 303)
   defining Unicode char U+0130 (decimal 304)
   defining Unicode char U+0131 (decimal 305)
   defining Unicode char U+0132 (decimal 306)
   defining Unicode char U+0133 (decimal 307)
   defining Unicode char U+0134 (decimal 308)
   defining Unicode char U+0135 (decimal 309)
   defining Unicode char U+0136 (decimal 310)
   defining Unicode char U+0137 (decimal 311)
   defining Unicode char U+0139 (decimal 313)
   defining Unicode char U+013A (decimal 314)
   defining Unicode char U+013B (decimal 315)
   defining Unicode char U+013C (decimal 316)
   defining Unicode char U+013D (decimal 317)
   defining Unicode char U+013E (decimal 318)
   defining Unicode char U+0141 (decimal 321)
   defining Unicode char U+0142 (decimal 322)
   defining Unicode char U+0143 (decimal 323)
   defining Unicode char U+0144 (decimal 324)
   defining Unicode char U+0145 (decimal 325)
   defining Unicode char U+0146 (decimal 326)
   defining Unicode char U+0147 (decimal 327)
   defining Unicode char U+0148 (decimal 328)
   defining Unicode char U+014A (decimal 330)
   defining Unicode char U+014B (decimal 331)
   defining Unicode char U+014C (decimal 332)
   defining Unicode char U+014D (decimal 333)
   defining Unicode char U+014E (decimal 334)
   defining Unicode char U+014F (decimal 335)
   defining Unicode char U+0150 (decimal 336)
   defining Unicode char U+0151 (decimal 337)
   defining Unicode char U+0152 (decimal 338)
   defining Unicode char U+0153 (decimal 339)
   defining Unicode char U+0154 (decimal 340)
   defining Unicode char U+0155 (decimal 341)
   defining Unicode char U+0156 (decimal 342)
   defining Unicode char U+0157 (decimal 343)
   defining Unicode char U+0158 (decimal 344)
   defining Unicode char U+0159 (decimal 345)
   defining Unicode char U+015A (decimal 346)
   defining Unicode char U+015B (decimal 347)
   defining Unicode char U+015C (decimal 348)
   defining Unicode char U+015D (decimal 349)
   defining Unicode char U+015E (decimal 350)
   defining Unicode char U+015F (decimal 351)
   defining Unicode char U+0160 (decimal 352)
   defining Unicode char U+0161 (decimal 353)
   defining Unicode char U+0162 (decimal 354)
   defining Unicode char U+0163 (decimal 355)
   defining Unicode char U+0164 (decimal 356)
   defining Unicode char U+0165 (decimal 357)
   defining Unicode char U+0168 (decimal 360)
   defining Unicode char U+0169 (decimal 361)
   defining Unicode char U+016A (decimal 362)
   defining Unicode char U+016B (decimal 363)
   defining Unicode char U+016C (decimal 364)
   defining Unicode char U+016D (decimal 365)
   defining Unicode char U+016E (decimal 366)
   defining Unicode char U+016F (decimal 367)
   defining Unicode char U+0170 (decimal 368)
   defining Unicode char U+0171 (decimal 369)
   defining Unicode char U+0172 (decimal 370)
   defining Unicode char U+0173 (decimal 371)
   defining Unicode char U+0174 (decimal 372)
   defining Unicode char U+0175 (decimal 373)
   defining Unicode char U+0176 (decimal 374)
   defining Unicode char U+0177 (decimal 375)
   defining Unicode char U+0178 (decimal 376)
   defining Unicode char U+0179 (decimal 377)
   defining Unicode char U+017A (decimal 378)
   defining Unicode char U+017B (decimal 379)
   defining Unicode char U+017C (decimal 380)
   defining Unicode char U+017D (decimal 381)
   defining Unicode char U+017E (decimal 382)
   defining Unicode char U+01CD (decimal 461)
   defining Unicode char U+01CE (decimal 462)
   defining Unicode char U+01CF (decimal 463)
   defining Unicode char U+01D0 (decimal 464)
   defining Unicode char U+01D1 (decimal 465)
   defining Unicode char U+01D2 (decimal 466)
   defining Unicode char U+01D3 (decimal 467)
   defining Unicode char U+01D4 (decimal 468)
   defining Unicode char U+01E2 (decimal 482)
   defining Unicode char U+01E3 (decimal 483)
   defining Unicode char U+01E6 (decimal 486)
   defining Unicode char U+01E7 (decimal 487)
   defining Unicode char U+01E8 (decimal 488)
   defining Unicode char U+01E9 (decimal 489)
   defining Unicode char U+01EA (decimal 490)
   defining Unicode char U+01EB (decimal 491)
   defining Unicode char U+01F0 (decimal 496)
   defining Unicode char U+01F4 (decimal 500)
   defining Unicode char U+01F5 (decimal 501)
   defining Unicode char U+0218 (decimal 536)
   defining Unicode char U+0219 (decimal 537)
   defining Unicode char U+021A (decimal 538)
   defining Unicode char U+021B (decimal 539)
   defining Unicode char U+0232 (decimal 562)
   defining Unicode char U+0233 (decimal 563)
   defining Unicode char U+1E02 (decimal 7682)
   defining Unicode char U+1E03 (decimal 7683)
   defining Unicode char U+200C (decimal 8204)
   defining Unicode char U+2010 (decimal 8208)
   defining Unicode char U+2011 (decimal 8209)
   defining Unicode char U+2012 (decimal 8210)
   defining Unicode char U+2013 (decimal 8211)
   defining Unicode char U+2014 (decimal 8212)
   defining Unicode char U+2015 (decimal 8213)
   defining Unicode char U+2018 (decimal 8216)
   defining Unicode char U+2019 (decimal 8217)
   defining Unicode char U+201A (decimal 8218)
   defining Unicode char U+201C (decimal 8220)
   defining Unicode char U+201D (decimal 8221)
   defining Unicode char U+201E (decimal 8222)
   defining Unicode char U+2030 (decimal 8240)
   defining Unicode char U+2031 (decimal 8241)
   defining Unicode char U+2039 (decimal 8249)
   defining Unicode char U+203A (decimal 8250)
   defining Unicode char U+2423 (decimal 9251)
   defining Unicode char U+1E20 (decimal 7712)
   defining Unicode char U+1E21 (decimal 7713)
)
Now handling font encoding OT1 ...
... processing UTF-8 mapping file for font encoding OT1

(/usr/share/texlive/texmf-dist/tex/latex/base/ot1enc.dfu
File: ot1enc.dfu 2017/01/28 v1.1t UTF-8 support for inputenc
   defining Unicode char U+00A0 (decimal 160)
   defining Unicode char U+00A1 (decimal 161)
   defining Unicode char U+00A3 (decimal 163)
   defining Unicode char U+00AD (decimal 173)
   defining Unicode char U+00B8 (decimal 184)
   defining Unicode char U+00BF (decimal 191)
   defining Unicode char U+00C5 (decimal 197)
   defining Unicode char U+00C6 (decimal 198)
   defining Unicode char U+00D8 (decimal 216)
   defining Unicode char U+00DF (decimal 223)
   defining Unicode char U+00E6 (decimal 230)
   defining Unicode char U+00EC (decimal 236)
   defining Unicode char U+00ED (decimal 237)
   defining Unicode char U+00EE (decimal 238)
   defining Unicode char U+00EF (decimal 239)
   defining Unicode char U+00F8 (decimal 248)
   defining Unicode char U+0131 (decimal 305)
   defining Unicode char U+0141 (decimal 321)
   defining Unicode char U+0142 (decimal 322)
   defining Unicode char U+0152 (decimal 338)
   defining Unicode char U+0153 (decimal 339)
   defining Unicode char U+0174 (decimal 372)
   defining Unicode char U+0175 (decimal 373)
   defining Unicode char U+0176 (decimal 374)
   defining Unicode char U+0177 (decimal 375)
   defining Unicode char U+0218 (decimal 536)
   defining Unicode char U+0219 (decimal 537)
   defining Unicode char U+021A (decimal 538)
   defining Unicode char U+021B (decimal 539)
   defining Unicode char U+2013 (decimal 8211)
   defining Unicode char U+2014 (decimal 8212)
   defining Unicode char U+2018 (decimal 8216)
   defining Unicode char U+2019 (decimal 8217)
   defining Unicode char U+201C (decimal 8220)
   defining Unicode char U+201D (decimal 8221)
)
Now handling font encoding OMS ...
... processing UTF-8 mapping file for font encoding OMS

(/usr/share/texlive/texmf-dist/tex/latex/base/omsenc.dfu
File: omsenc.dfu 2017/01/28 v1.1t UTF-8 support for inputenc
   defining Unicode char U+00A7 (decimal 167)
   defining Unicode char U+00B6 (decimal 182)
   defining Unicode char U+00B7 (decimal 183)
   defining Unicode char U+2020 (decimal 8224)
   defining Unicode char U+2021 (decimal 8225)
   defining Unicode char U+2022 (decimal 8226)
)
Now handling font encoding OMX ...
... no UTF-8 mapping file for font encoding OMX
Now handling font encoding U ...
... no UTF-8 mapping file for font encoding U
   defining Unicode char U+00A9 (decimal 169)
   defining Unicode char U+00AA (decimal 170)
   defining Unicode char U+00AE (decimal 174)
   defining Unicode char U+00BA (decimal 186)
   defining Unicode char U+02C6 (decimal 710)
   defining Unicode char U+02DC (decimal 732)
   defining Unicode char U+200C (decimal 8204)
   defining Unicode char U+2026 (decimal 8230)
   defining Unicode char U+2122 (decimal 8482)
   defining Unicode char U+2423 (decimal 9251)
))
(/usr/share/texlive/texmf-dist/tex/latex/graphics/graphicx.sty
Package: graphicx 2014/10/28 v1.0g Enhanced LaTeX Graphics (DPC,SPQR)

(/usr/share/texlive/texmf-dist/tex/latex/graphics/keyval.sty
Package: keyval 2014/10/28 v1.15 key=value parser (DPC)
\KV@toks@=\toks16
)
(/usr/share/texlive/texmf-dist/tex/latex/graphics/graphics.sty
Package: graphics 2016/10/09 v1.0u Standard LaTeX Graphics (DPC,SPQR)

(/usr/share/texlive/texmf-dist/tex/latex/graphics/trig.sty
Package: trig 2016/01/03 v1.10 sin cos tan (DPC)
)
(/usr/share/texlive/texmf-dist/tex/latex/graphics-cfg/graphics.cfg
File: graphics.cfg 2016/06/04 v1.11 sample graphics configuration
)
Package graphics Info: Driver file: pdftex.def on input line 99.

(/usr/share/texlive/texmf-dist/tex/latex/graphics-def/pdftex.def
File: pdftex.def 2017/01/12 v0.06k Graphics/color for pdfTeX

(/usr/share/texlive/texmf-dist/tex/generic/oberdiek/infwarerr.sty
Package: infwarerr 2016/05/16 v1.4 Providing info/warning/error messages (HO)
)
(/usr/share/texlive/texmf-dist/tex/generic/oberdiek/ltxcmds.sty
Package: ltxcmds 2016/05/16 v1.23 LaTeX kernel commands for general use (HO)
)
\Gread@gobject=\count89
))
\Gin@req@height=\dimen104
\Gin@req@width=\dimen105
)
(/usr/share/texlive/texmf-dist/tex/latex/geometry/geometry.sty
Package: geometry 2010/09/12 v5.6 Page Geometry

(/usr/share/texlive/texmf-dist/tex/generic/oberdiek/ifpdf.sty
Package: ifpdf 2016/05/14 v3.1 Provides the ifpdf switch
)
(/usr/share/texlive/texmf-dist/tex/generic/oberdiek/ifvtex.sty
Package: ifvtex 2016/05/16 v1.6 Detect VTeX and its facilities (HO)
Package ifvtex Info: VTeX not detected.
)
(/usr/share/texlive/texmf-dist/tex/generic/ifxetex/ifxetex.sty
Package: ifxetex 2010/09/12 v0.6 Provides ifxetex conditional
)
\Gm@cnth=\count90
\Gm@cntv=\count91
\c@Gm@tempcnt=\count92
\Gm@bindingoffset=\dimen106
\Gm@wd@mp=\dimen107
\Gm@odd@mp=\dimen108
\Gm@even@mp=\dimen109
\Gm@layoutwidth=\dimen110
\Gm@layoutheight=\dimen111
\Gm@layouthoffset=\dimen112
\Gm@layoutvoffset=\dimen113
\Gm@dimlist=\toks17
)
(/usr/share/texlive/texmf-dist/tex/latex/pstricks/pstricks.sty
Package: pstricks 2015/11/14 v0.62 LaTeX wrapper for `PSTricks' (RN,HV)

(/usr/share/texlive/texmf-dist/tex/latex/xcolor/xcolor.sty
Package: xcolor 2016/05/11 v2.12 LaTeX color extensions (UK)

(/usr/share/texlive/texmf-dist/tex/latex/graphics-cfg/color.cfg
File: color.cfg 2016/01/02 v1.6 sample color configuration
)
Package xcolor Info: Driver file: pdftex.def on input line 225.
Package xcolor Info: Model `cmy' substituted by `cmy0' on input line 1348.
Package xcolor Info: Model `hsb' substituted by `rgb' on input line 1352.
Package xcolor Info: Model `RGB' extended on input line 1364.
Package xcolor Info: Model `HTML' substituted by `rgb' on input line 1366.
Package xcolor Info: Model `Hsb' substituted by `hsb' on input line 1367.
Package xcolor Info: Model `tHsb' substituted by `hsb' on input line 1368.
Package xcolor Info: Model `HSB' substituted by `hsb' on input line 1369.
Package xcolor Info: Model `Gray' substituted by `gray' on input line 1370.
Package xcolor Info: Model `wave' substituted by `hsb' on input line 1371.
)
(/usr/share/texlive/texmf-dist/tex/generic/pstricks/pstricks.tex
(/usr/share/texlive/texmf-dist/tex/generic/xkeyval/pst-xkey.tex
File: pst-xkey.tex 2005/11/25 v1.6 PSTricks specialization of xkeyval (HA)

(/usr/share/texlive/texmf-dist/tex/latex/xkeyval/xkeyval.sty
Package: xkeyval 2014/12/03 v2.7a package option processing (HA)

(/usr/share/texlive/texmf-dist/tex/generic/xkeyval/xkeyval.tex
(/usr/share/texlive/texmf-dist/tex/generic/xkeyval/xkvutils.tex
\XKV@toks=\toks18
\XKV@tempa@toks=\toks19
)
\XKV@depth=\count93
File: xkeyval.tex 2014/12/03 v2.7a key=value parser (HA)
)))
(/usr/share/texlive/texmf-dist/tex/generic/pstricks/pst-fp.tex
`pst-fp' v0.05, 2010/01/17 (hv)
\pstFP@xs=\count94
\pstFP@xia=\count95
\pstFP@xib=\count96
\pstFP@xfa=\count97
\pstFP@xfb=\count98
\pstFP@rega=\count99
\pstFP@regb=\count100
\pstFP@regs=\count101
\pstFP@times=\count102
)
(/usr/share/texlive/texmf-dist/tex/generic/pgf/utilities/pgfutil-common.tex
\pgfutil@everybye=\toks20
\pgfutil@tempdima=\dimen114
\pgfutil@tempdimb=\dimen115

(/usr/share/texlive/texmf-dist/tex/generic/pgf/utilities/pgfutil-common-lists.t
ex)) (/usr/share/texlive/texmf-dist/tex/generic/pgf/utilities/pgfkeys.code.tex
\pgfkeys@pathtoks=\toks21
\pgfkeys@temptoks=\toks22

(/usr/share/texlive/texmf-dist/tex/generic/pgf/utilities/pgfkeysfiltered.code.t
ex
\pgfkeys@tmptoks=\toks23
)) (/usr/share/texlive/texmf-dist/tex/generic/pgf/utilities/pgffor.code.tex
(/usr/share/texlive/texmf-dist/tex/generic/pgf/math/pgfmath.code.tex
(/usr/share/texlive/texmf-dist/tex/generic/pgf/math/pgfmathcalc.code.tex
(/usr/share/texlive/texmf-dist/tex/generic/pgf/math/pgfmathutil.code.tex
\pgf@x=\dimen116
\pgf@xa=\dimen117
\pgf@xb=\dimen118
\pgf@xc=\dimen119
\pgf@y=\dimen120
\pgf@ya=\dimen121
\pgf@yb=\dimen122
\pgf@yc=\dimen123
\c@pgf@counta=\count103
\c@pgf@countb=\count104
\c@pgf@countc=\count105
\c@pgf@countd=\count106
\pgfutil@tempcnta=\count107
\pgfutil@tempcntb=\count108
)
(/usr/share/texlive/texmf-dist/tex/generic/pgf/math/pgfmathparser.code.tex
\pgfmath@dimen=\dimen124
\pgfmath@count=\count109
\pgfmath@box=\box26
\pgfmath@toks=\toks24
\pgfmath@stack@operand=\toks25
\pgfmath@stack@operation=\toks26
)
(/usr/share/texlive/texmf-dist/tex/generic/pgf/math/pgfmathfunctions.code.tex
(/usr/share/texlive/texmf-dist/tex/generic/pgf/math/pgfmathfunctions.basic.code
.tex)
(/usr/share/texlive/texmf-dist/tex/generic/pgf/math/pgfmathfunctions.trigonomet
ric.code.tex)
(/usr/share/texlive/texmf-dist/tex/generic/pgf/math/pgfmathfunctions.random.cod
e.tex)
(/usr/share/texlive/texmf-dist/tex/generic/pgf/math/pgfmathfunctions.comparison
.code.tex)
(/usr/share/texlive/texmf-dist/tex/generic/pgf/math/pgfmathfunctions.base.code.
tex)
(/usr/share/texlive/texmf-dist/tex/generic/pgf/math/pgfmathfunctions.round.code
.tex)
(/usr/share/texlive/texmf-dist/tex/generic/pgf/math/pgfmathfunctions.misc.code.
tex)
(/usr/share/texlive/texmf-dist/tex/generic/pgf/math/pgfmathfunctions.integerari
thmetics.code.tex)))
(/usr/share/texlive/texmf-dist/tex/generic/pgf/math/pgfmathfloat.code.tex
\c@pgfmathroundto@lastzeros=\count110
))
\pgffor@iter=\dimen125
\pgffor@skip=\dimen126
\pgffor@stack=\toks27
\pgffor@toks=\toks28
)
\psLoopIndex=\count111

`PSTricks' v2.71  <2016/12/23> (tvz)
\pst@dima=\dimen127
\pst@dimb=\dimen128
\pst@dimc=\dimen129
\pst@dimd=\dimen130
\pst@dimg=\dimen131
\pst@dimh=\dimen132
\pst@dimm=\dimen133
\pst@dimn=\dimen134
\pst@dimo=\dimen135
\pst@dimp=\dimen136
\pst@hbox=\box27
\pst@ibox=\box28
\pst@boxg=\box29
\pst@cnta=\count112
\pst@cntb=\count113
\pst@cntc=\count114
\pst@cntd=\count115
\pst@cntg=\count116
\pst@cnth=\count117
\pst@cntm=\count118
\pst@cntn=\count119
\pst@cnto=\count120
\pst@cntp=\count121
\@zero=\count122
\pst@toks=\toks29
(/usr/share/texlive/texmf-dist/tex/generic/pstricks/pstricks.con)
\psunit=\dimen137
\psxunit=\dimen138
\psyunit=\dimen139
\pst@C@@rType=\count123
\pslinewidth=\dimen140
\psk@startLW=\dimen141
\psk@endLW=\dimen142
\pst@customdefs=\toks30
\pslinearc=\dimen143
\pst@symbolStep=\dimen144
\pst@symbolWidth=\dimen145
\pst@symbolLinewidth=\dimen146
\everypsbox=\toks31
\psframesep=\dimen147
\pslabelsep=\dimen148
\sh@wgridXunit=\dimen149
\sh@wgridYunit=\dimen150
\pst@shift=\dimen151
)
File: pstricks.tex 2016/12/23 v2.71 `PSTricks' (tvz,hv)

(/usr/share/texlive/texmf-dist/tex/generic/pstricks/pst-fp.tex)
File: pst-fp.tex 2016/12/23 v2.71 `PST-fp' (hv)
)
(/usr/share/texlive/texmf-dist/tex/latex/wasysym/wasysym.sty
Package: wasysym 2003/10/30 v2.0 Wasy-2 symbol support package
\symwasy=\mathgroup4
LaTeX Font Info:    Overwriting symbol font `wasy' in version `bold'
(Font)                  U/wasy/m/n --> U/wasy/b/n on input line 90.
)
(/usr/share/texlive/texmf-dist/tex/latex/amsfonts/amssymb.sty
Package: amssymb 2013/01/14 v3.01 AMS font symbols

(/usr/share/texlive/texmf-dist/tex/latex/amsfonts/amsfonts.sty
Package: amsfonts 2013/01/14 v3.01 Basic AMSFonts support
\@emptytoks=\toks32
\symAMSa=\mathgroup5
\symAMSb=\mathgroup6
LaTeX Font Info:    Overwriting math alphabet `\mathfrak' in version `bold'
(Font)                  U/euf/m/n --> U/euf/b/n on input line 106.
))
(/usr/share/texlive/texmf-dist/tex/latex/allrunes/allrunes.sty
Package: allrunes 2004/01/06 v2.1 allrunes package.

(/usr/share/texlive/texmf-dist/tex/latex/base/ifthen.sty
Package: ifthen 2014/09/29 v1.1c Standard LaTeX ifthen package (DPC)
)
LaTeX Info: Redefining \mdseries on input line 43.
LaTeX Info: Redefining \bfseries on input line 55.

(/usr/share/texlive/texmf-dist/tex/latex/allrunes/arc.fd
Now handling font encoding LRC ...
... no UTF-8 mapping file for font encoding LRC
)
(/usr/share/texlive/texmf-dist/tex/latex/allrunes/ara.fd
Now handling font encoding LRA ...
... no UTF-8 mapping file for font encoding LRA
)
(/usr/share/texlive/texmf-dist/tex/latex/allrunes/arn.fd
Now handling font encoding LRN ...
... no UTF-8 mapping file for font encoding LRN
)
(/usr/share/texlive/texmf-dist/tex/latex/allrunes/art.fd
Now handling font encoding LRT ...
... no UTF-8 mapping file for font encoding LRT
)
(/usr/share/texlive/texmf-dist/tex/latex/allrunes/arl.fd
Now handling font encoding LRL ...
... no UTF-8 mapping file for font encoding LRL
)
(/usr/share/texlive/texmf-dist/tex/latex/allrunes/arm.fd
Now handling font encoding LRM ...
... no UTF-8 mapping file for font encoding LRM
)) (./DieRunen.aux)
\openout1 = `DieRunen.aux'.

LaTeX Font Info:    Checking defaults for OML/cmm/m/it on input line 42.
LaTeX Font Info:    ... okay on input line 42.
LaTeX Font Info:    Checking defaults for T1/cmr/m/n on input line 42.
LaTeX Font Info:    ... okay on input line 42.
LaTeX Font Info:    Checking defaults for OT1/cmr/m/n on input line 42.
LaTeX Font Info:    ... okay on input line 42.
LaTeX Font Info:    Checking defaults for OMS/cmsy/m/n on input line 42.
LaTeX Font Info:    ... okay on input line 42.
LaTeX Font Info:    Checking defaults for OMX/cmex/m/n on input line 42.
LaTeX Font Info:    ... okay on input line 42.
LaTeX Font Info:    Checking defaults for U/cmr/m/n on input line 42.
LaTeX Font Info:    ... okay on input line 42.
LaTeX Font Info:    Checking defaults for LRC/fruc/m/n on input line 42.
LaTeX Font Info:    ... okay on input line 42.
LaTeX Font Info:    Checking defaults for LRA/frua/m/n on input line 42.
LaTeX Font Info:    ... okay on input line 42.
LaTeX Font Info:    Checking defaults for LRN/frun/m/n on input line 42.
LaTeX Font Info:    ... okay on input line 42.
LaTeX Font Info:    Checking defaults for LRT/frut/m/n on input line 42.
LaTeX Font Info:    ... okay on input line 42.
LaTeX Font Info:    Checking defaults for LRL/frul/m/n on input line 42.
LaTeX Font Info:    ... okay on input line 42.
LaTeX Font Info:    Checking defaults for LRM/frum/m/n on input line 42.
LaTeX Font Info:    ... okay on input line 42.

(/usr/share/texlive/texmf-dist/tex/context/base/mkii/supp-pdf.mkii
[Loading MPS to PDF converter (version 2006.09.02).]
\scratchcounter=\count124
\scratchdimen=\dimen152
\scratchbox=\box30
\nofMPsegments=\count125
\nofMParguments=\count126
\everyMPshowfont=\toks33
\MPscratchCnt=\count127
\MPscratchDim=\dimen153
\MPnumerator=\count128
\makeMPintoPDFobject=\count129
\everyMPtoPDFconversion=\toks34
) (/usr/share/texlive/texmf-dist/tex/generic/oberdiek/pdftexcmds.sty
Package: pdftexcmds 2016/05/21 v0.22 Utility functions of pdfTeX for LuaTeX (HO
)

(/usr/share/texlive/texmf-dist/tex/generic/oberdiek/ifluatex.sty
Package: ifluatex 2016/05/16 v1.4 Provides the ifluatex switch (HO)
Package ifluatex Info: LuaTeX not detected.
)
Package pdftexcmds Info: LuaTeX not detected.
Package pdftexcmds Info: \pdf@primitive is available.
Package pdftexcmds Info: \pdf@ifprimitive is available.
Package pdftexcmds Info: \pdfdraftmode found.
)
(/usr/share/texlive/texmf-dist/tex/latex/oberdiek/epstopdf-base.sty
Package: epstopdf-base 2016/05/15 v2.6 Base part for package epstopdf

(/usr/share/texlive/texmf-dist/tex/latex/oberdiek/grfext.sty
Package: grfext 2016/05/16 v1.2 Manage graphics extensions (HO)

(/usr/share/texlive/texmf-dist/tex/generic/oberdiek/kvdefinekeys.sty
Package: kvdefinekeys 2016/05/16 v1.4 Define keys (HO)
))
(/usr/share/texlive/texmf-dist/tex/latex/oberdiek/kvoptions.sty
Package: kvoptions 2016/05/16 v3.12 Key value format for package options (HO)

(/usr/share/texlive/texmf-dist/tex/generic/oberdiek/kvsetkeys.sty
Package: kvsetkeys 2016/05/16 v1.17 Key value parser (HO)

(/usr/share/texlive/texmf-dist/tex/generic/oberdiek/etexcmds.sty
Package: etexcmds 2016/05/16 v1.6 Avoid name clashes with e-TeX commands (HO)
Package etexcmds Info: Could not find \expanded.
(etexcmds)             That can mean that you are not using pdfTeX 1.50 or
(etexcmds)             that some package has redefined \expanded.
(etexcmds)             In the latter case, load this package earlier.
)))
Package epstopdf-base Info: Redefining graphics rule for `.eps' on input line 4
38.
Package grfext Info: Graphics extension search list:
(grfext)             [.png,.pdf,.jpg,.mps,.jpeg,.jbig2,.jb2,.PNG,.PDF,.JPG,.JPE
G,.JBIG2,.JB2,.eps]
(grfext)             \AppendGraphicsExtensions on input line 456.

(/usr/share/texlive/texmf-dist/tex/latex/latexconfig/epstopdf-sys.cfg
File: epstopdf-sys.cfg 2010/07/13 v1.3 Configuration of (r)epstopdf for TeX Liv
e
))
*geometry* driver: auto-detecting
*geometry* detected driver: pdftex
*geometry* verbose mode - [ preamble ] result:
* driver: pdftex
* paper: a5paper
* layout: <same size as paper>
* layoutoffset:(h,v)=(0.0pt,0.0pt)
* modes: twoside 
* h-part:(L,W,R)=(71.13188pt, 293.0634pt, 56.9055pt)
* v-part:(T,H,B)=(56.9055pt, 441.01773pt, 99.58464pt)
* \paperwidth=421.10078pt
* \paperheight=597.50787pt
* \textwidth=293.0634pt
* \textheight=441.01773pt
* \oddsidemargin=-1.1381pt
* \evensidemargin=-15.36449pt
* \topmargin=-47.23828pt
* \headheight=12.0pt
* \headsep=19.8738pt
* \topskip=11.0pt
* \footskip=27.46295pt
* \marginparwidth=51.0pt
* \marginparsep=7.0pt
* \columnsep=10.0pt
* \skip\footins=10.0pt plus 4.0pt minus 2.0pt
* \hoffset=0.0pt
* \voffset=0.0pt
* \mag=1000
* \@twocolumnfalse
* \@twosidetrue
* \@mparswitchtrue
* \@reversemarginfalse
* (1in=72.27pt=25.4mm, 1cm=28.453pt)

LaTeX Font Info:    Try loading font information for U+wasy on input line 45.
(/usr/share/texlive/texmf-dist/tex/latex/wasysym/uwasy.fd
File: uwasy.fd 2003/10/30 v2.0 Wasy-2 symbol font definitions
)
LaTeX Font Info:    Try loading font information for U+msa on input line 45.

(/usr/share/texlive/texmf-dist/tex/latex/amsfonts/umsa.fd
File: umsa.fd 2013/01/14 v3.01 AMS symbols A
)
LaTeX Font Info:    Try loading font information for U+msb on input line 45.

(/usr/share/texlive/texmf-dist/tex/latex/amsfonts/umsb.fd
File: umsb.fd 2013/01/14 v3.01 AMS symbols B
) [1
Non-PDF special ignored!
Non-PDF special ignored!
Non-PDF special ignored!
Non-PDF special ignored!


Non-PDF special ignored!
Non-PDF special ignored!
Non-PDF special ignored!

{/var/lib/texmf/fonts/map/pdftex/updmap/pdftex.map}]
[2

]
Kapitel 1.
Missing character: There is no [ in font frucmn!
Missing character: There is no ] in font frucnn!
[3] [4] [5] [6

]
Kapitel 2.
[7] [8]
Kapitel 3.
[9

] [10

]
Kapitel 4.
[11] [12

]
Kapitel 5.
[13] [14] [15] [16] [17] [18] [19] [20]
Kapitel 6.

Underfull \hbox (badness 10000) in paragraph at lines 260--269

 []


Underfull \hbox (badness 10000) in paragraph at lines 271--280

 []

[21

] [22]
Missing character: There is no [ in font frucmn!
Missing character: There is no ] in font frucnn!
 [23]
Missing character: There is no [ in font frucmn!
Missing character: There is no ] in font frucnn!
Missing character: There is no [ in font frucmn!
Missing character: There is no ] in font frucnn!
Missing character: There is no [ in font frucmn!
Missing character: There is no ] in font frucnn!
Missing character: There is no [ in font frucmn!
Missing character: There is no ] in font frucnn!
 [24] [25]
Missing character: There is no [ in font frucmn!
Missing character: There is no ] in font frucnn!

Underfull \vbox (badness 2707) has occurred while \output is active []

 [26]
Missing character: There is no [ in font frucmn!
Missing character: There is no ] in font frucnn!

[27]
Missing character: There is no [ in font frucmn!
Missing character: There is no ] in font frucnn!
Missing character: There is no [ in font frucmn!
Missing character: There is no ] in font frucnn!
Missing character: There is no [ in font frucmn!
Missing character: There is no ] in font frucnn!
 [28]
Underfull \hbox (badness 10000) in paragraph at lines 375--375
[]\T1/cmr/bx/n/14.4 Meister Rei-her und die Hu-
 []


Underfull \vbox (badness 10000) has occurred while \output is active []

 [29]
[30] [31]
Missing character: There is no [ in font frucmn!
Missing character: There is no ] in font frucnn!
 [32] [33] [34]
Underfull \hbox (badness 1997) in paragraph at lines 451--454
[]\T1/cmr/m/n/17.28 Okay, okay, das ist voll Spe-ku-la-ti-on!
 []

Missing character: There is no [ in font frucmn!
Missing character: There is no ] in font frucnn!
Missing character: There is no [ in font frucmn!
Missing character: There is no ] in font frucnn!
[35] [36] [37] [38] [39]
Missing character: There is no [ in font frucmn!
Missing character: There is no ] in font frucnn!
 [40] [41] [42] [43] [44]
Missing character: There is no [ in font frucmn!
Missing character: There is no ] in font frucnn!

Underfull \hbox (badness 6758) in paragraph at lines 596--596
[]\T1/cmr/bx/n/14.4 Der Hand-wer-ker Bergahorn und
 []

[45] [46]
Missing character: There is no [ in font frucmn!
Missing character: There is no ] in font frucnn!
Missing character: There is no [ in font frucmn!
Missing character: There is no ] in font frucnn!
Missing character: There is no [ in font frucmn!
Missing character: There is no ] in font frucnn!
 [47]
Missing character: There is no [ in font frucmn!
Missing character: There is no ] in font frucnn!
 [48] [49]
Missing character: There is no [ in font frucmn!
Missing character: There is no ] in font frucnn!
 [50] [51] [52]
Missing character: There is no [ in font frucmn!
Missing character: There is no ] in font frucnn!

Underfull \vbox (badness 10000) has occurred while \output is active []

 [53]
Missing character: There is no [ in font frucmn!
Missing character: There is no ] in font frucnn!

[54]
Missing character: There is no [ in font frucmn!
Missing character: There is no ] in font frucnn!
 [55]
Missing character: There is no [ in font frucmn!
Missing character: There is no ] in font frucnn!
Missing character: There is no [ in font frucmn!
Missing character: There is no ] in font frucnn!
 [56]
Missing character: There is no [ in font frucmn!
Missing character: There is no ] in font frucnn!
Missing character: There is no [ in font frucmn!
Missing character: There is no ] in font frucnn!
Missing character: There is no [ in font frucmn!
Missing character: There is no ] in font frucnn!
 [57]
Missing character: There is no [ in font frucmn!
Missing character: There is no ] in font frucnn!
 [58]
Missing character: There is no [ in font frucmn!
Missing character: There is no ] in font frucnn!
Missing character: There is no [ in font frucmn!
Missing character: There is no ] in font frucnn!
Missing character: There is no [ in font frucmn!
Missing character: There is no ] in font frucnn!
Missing character: There is no [ in font frucmn!
Missing character: There is no ] in font frucnn!
Missing character: There is no [ in font frucmn!
Missing character: There is no ] in font frucnn!
Missing character: There is no [ in font frucmn!
Missing character: There is no ] in font frucnn!
 [59] [60]
Missing character: There is no [ in font frucmn!
Missing character: There is no ] in font frucnn!
Missing character: There is no [ in font frucmn!
Missing character: There is no ] in font frucnn!
Missing character: There is no [ in font frucmn!
Missing character: There is no ] in font frucnn!
Missing character: There is no [ in font frucmn!
Missing character: There is no ] in font frucnn!

Underfull \hbox (badness 1389) in paragraph at lines 922--922
[]\T1/cmr/bx/n/14.4 Die Ei-che be-schreibt den Un-ter-
 []

Missing character: There is no [ in font frucmn!
Missing character: There is no ] in font frucnn!

Underfull \vbox (badness 1281) has occurred while \output is active []

 [61]
Missing character: There is no [ in font frucmn!
Missing character: There is no ] in font frucnn!
Missing character: There is no [ in font frucmn!
Missing character: There is no ] in font frucnn!
Missing character: There is no [ in font frucmn!
Missing character: There is no ] in font frucnn!

[62]
Missing character: There is no [ in font frucmn!
Missing character: There is no ] in font frucnn!
Missing character: There is no [ in font frucmn!
Missing character: There is no ] in font frucnn!
 [63]
Underfull \hbox (badness 10000) in paragraph at lines 1010--1011
[]\T1/cmr/m/n/10.95 entsteht durch das Be-wusst-sein vom ei-ge-nen (in-ne-
 []

Missing character: There is no [ in font frucmn!
Missing character: There is no ] in font frucnn!
[64] [65]
Missing character: There is no [ in font frucmn!
Missing character: There is no ] in font frucnn!
Missing character: There is no [ in font frucmn!
Missing character: There is no ] in font frucnn!
Missing character: There is no [ in font frucmn!
Missing character: There is no ] in font frucnn!
 [66]
Missing character: There is no [ in font frucmn!
Missing character: There is no ] in font frucnn!

Underfull \hbox (badness 1939) in paragraph at lines 1066--1066
[]\T1/cmr/bx/n/14.4 Der Osa-ge-krie-ger und sein Pfeil
 []

Missing character: There is no [ in font frucmn!
Missing character: There is no ] in font frucnn!

Underfull \vbox (badness 3746) has occurred while \output is active []

 [67]
[68]
Missing character: There is no [ in font frucmn!
Missing character: There is no ] in font frucnn!
Missing character: There is no [ in font frucmn!
Missing character: There is no ] in font frucnn!
 [69]
Missing character: There is no [ in font frucmn!
Missing character: There is no ] in font frucnn!
Missing character: There is no [ in font frucmn!
Missing character: There is no ] in font frucnn!
Missing character: There is no [ in font frucmn!
Missing character: There is no ] in font frucnn!
 [70]
Missing character: There is no [ in font frucmn!
Missing character: There is no ] in font frucnn!
Missing character: There is no [ in font frucmn!
Missing character: There is no ] in font frucnn!
Missing character: There is no [ in font frucmn!
Missing character: There is no ] in font frucnn!
Missing character: There is no [ in font frucmn!
Missing character: There is no ] in font frucnn!
 [71]
Missing character: There is no [ in font frucmn!
Missing character: There is no ] in font frucnn!
Missing character: There is no [ in font frucmn!
Missing character: There is no ] in font frucnn!
Missing character: There is no [ in font frucmn!
Missing character: There is no ] in font frucnn!
 [72]
Missing character: There is no [ in font frucmn!
Missing character: There is no ] in font frucnn!

Underfull \hbox (badness 3199) in paragraph at lines 1134--1134
[]\T1/cmr/bx/n/14.4 Das Ei-ben-klappru-nen-spiel geht wei-ter,
 []

Missing character: There is no [ in font frucmn!
Missing character: There is no ] in font frucnn!
Missing character: There is no [ in font frucmn!
Missing character: There is no ] in font frucnn!
Missing character: There is no [ in font frucmn!
Missing character: There is no ] in font frucnn!
Missing character: There is no [ in font frucmn!
Missing character: There is no ] in font frucnn!
Missing character: There is no [ in font frucmn!
Missing character: There is no ] in font frucnn!
[73] [74] [75] [76]
Missing character: There is no [ in font frucmn!
Missing character: There is no ] in font frucnn!
 [77] [78]
Missing character: There is no [ in font frucmn!
Missing character: There is no ] in font frucnn!
 [79]
Underfull \hbox (badness 1117) in paragraph at lines 1301--1302
\T1/cmr/m/n/10.95 kap-sel und da-mit grenzt sie ihr In-ne-res, ih-re Fül-le ab.

 []

Missing character: There is no [ in font frucmn!
Missing character: There is no ] in font frucnn!
Missing character: There is no [ in font frucmn!
Missing character: There is no ] in font frucnn!
Missing character: There is no [ in font frucmn!
Missing character: There is no ] in font frucnn!
[80]
Missing character: There is no [ in font frucmn!
Missing character: There is no ] in font frucnn!
 [81]
Missing character: There is no [ in font frucmn!
Missing character: There is no ] in font frucnn!
 [82]
Missing character: There is no [ in font frucmn!
Missing character: There is no ] in font frucnn!
Missing character: There is no [ in font frucmn!
Missing character: There is no ] in font frucnn!
Missing character: There is no [ in font frucmn!
Missing character: There is no ] in font frucnn!
 [83]
Missing character: There is no [ in font frucmn!
Missing character: There is no ] in font frucnn!
 [84]
Missing character: There is no [ in font frucmn!
Missing character: There is no ] in font frucnn!
Missing character: There is no [ in font frucmn!
Missing character: There is no ] in font frucnn!
Missing character: There is no [ in font frucmn!
Missing character: There is no ] in font frucnn!
 [85] [86]
Missing character: There is no [ in font frucmn!
Missing character: There is no ] in font frucnn!
Missing character: There is no [ in font frucmn!
Missing character: There is no ] in font frucnn!
 [87]
Missing character: There is no [ in font frucmn!
Missing character: There is no ] in font frucnn!
Missing character: There is no [ in font frucmn!
Missing character: There is no ] in font frucnn!
Missing character: There is no [ in font frucmn!
Missing character: There is no ] in font frucnn!
Missing character: There is no [ in font frucmn!
Missing character: There is no ] in font frucnn!
 [88] [89] [90]
Missing character: There is no [ in font frucmn!
Missing character: There is no ] in font frucnn!
Missing character: There is no [ in font frucmn!
Missing character: There is no ] in font frucnn!
Missing character: There is no [ in font frucmn!
Missing character: There is no ] in font frucnn!
Missing character: There is no [ in font frucmn!
Missing character: There is no ] in font frucnn!
Missing character: There is no [ in font frucmn!
Missing character: There is no ] in font frucnn!
Missing character: There is no [ in font frucmn!
Missing character: There is no ] in font frucnn!
Missing character: There is no [ in font frucmn!
Missing character: There is no ] in font frucnn!
 [91]
Underfull \hbox (badness 2368) in paragraph at lines 1537--1538
[]\T1/cmr/m/n/10.95 Dann zeig-te mir Frau Pap-pel, was pas-siert, wenn die
 []

[92]
Missing character: There is no [ in font frucmn!
Missing character: There is no ] in font frucnn!

Underfull \hbox (badness 4913) in paragraph at lines 1553--1553
[]\T1/cmr/bx/n/14.4 Das Fi-na-le: Bäu-me, Ru-nen und ein
 []

[93] [94

]
Kapitel 7.
[95] [96] [97] [98

] [99]
Missing character: There is no [ in font frucmn!
Missing character: There is no ] in font frucnn!
Missing character: There is no [ in font frucmn!
Missing character: There is no ] in font frucnn!
 [100] [101] [102] [103] [104] [105] [106]
(./DieRunen.toc
Missing character: There is no [ in font frucmn!
Missing character: There is no ] in font frucnn!
Missing character: There is no [ in font frucmn!
Missing character: There is no ] in font frucnn!
Missing character: There is no [ in font frucmn!
Missing character: There is no ] in font frucnn!
 [107

]
Missing character: There is no [ in font frucmn!
Missing character: There is no ] in font frucnn!
Missing character: There is no [ in font frucmn!
Missing character: There is no ] in font frucnn!
Missing character: There is no [ in font frucmn!
Missing character: There is no ] in font frucnn!
Missing character: There is no [ in font frucmn!
Missing character: There is no ] in font frucnn!
Missing character: There is no [ in font frucmn!
Missing character: There is no ] in font frucnn!
Missing character: There is no [ in font frucmn!
Missing character: There is no ] in font frucnn!
Missing character: There is no [ in font frucmn!
Missing character: There is no ] in font frucnn!
Missing character: There is no [ in font frucmn!
Missing character: There is no ] in font frucnn!
Missing character: There is no [ in font frucmn!
Missing character: There is no ] in font frucnn!
Missing character: There is no [ in font frucmn!
Missing character: There is no ] in font frucnn!
Missing character: There is no [ in font frucmn!
Missing character: There is no ] in font frucnn!
Missing character: There is no [ in font frucmn!
Missing character: There is no ] in font frucnn!
Missing character: There is no [ in font frucmn!
Missing character: There is no ] in font frucnn!
Missing character: There is no [ in font frucmn!
Missing character: There is no ] in font frucnn!
Missing character: There is no [ in font frucmn!
Missing character: There is no ] in font frucnn!
Missing character: There is no [ in font frucmn!
Missing character: There is no ] in font frucnn!
Missing character: There is no [ in font frucmn!
Missing character: There is no ] in font frucnn!
Missing character: There is no [ in font frucmn!
Missing character: There is no ] in font frucnn!
Missing character: There is no [ in font frucmn!
Missing character: There is no ] in font frucnn!
)
\tf@toc=\write3
\openout3 = `DieRunen.toc'.


No file DieRunen.bbl.
[108] (./DieRunen.aux) ) 
Here is how much of TeX's memory you used:
 12028 strings out of 494829
 205861 string characters out of 6176609
 245991 words of memory out of 5000000
 15132 multiletter control sequences out of 15000+600000
 27368 words of font info for 72 fonts, out of 8000000 for 9000
 36 hyphenation exceptions out of 8191
 39i,8n,40p,1258b,241s stack positions out of 5000i,500n,10000p,200000b,80000s
 </home/felicitas/.texlive2016/texmf-var/fonts/pk/ljfou
r/jknappen/ec/ecbx1095.600pk> </home/felicitas/.texlive2016/texmf-var/fonts/pk/
ljfour/jknappen/ec/ecbx1200.600pk> </home/felicitas/.texlive2016/texmf-var/font
s/pk/ljfour/jknappen/ec/ecrm1440.600pk> </home/felicitas/.texlive2016/texmf-var
/fonts/pk/ljfour/jknappen/ec/ecrm1728.600pk> </home/felicitas/.texlive2016/texm
f-var/fonts/pk/ljfour/jknappen/ec/ecbx1440.600pk> </home/felicitas/.texlive2016
/texmf-var/fonts/pk/ljfour/jknappen/ec/ecrm0900.600pk> </home/felicitas/.texliv
e2016/texmf-var/fonts/pk/ljfour/jknappen/ec/ecrm0600.600pk> </home/felicitas/.t
exlive2016/texmf-var/fonts/pk/ljfour/jknappen/ec/ecrm0800.600pk> </home/felicit
as/.texlive2016/texmf-var/fonts/pk/ljfour/jknappen/ec/ecbx2074.600pk> </home/fe
licitas/.texlive2016/texmf-var/fonts/pk/ljfour/jknappen/ec/ecrm1095.600pk> </ho
me/felicitas/.texlive2016/texmf-var/fonts/pk/ljfour/jknappen/ec/ecrm1200.600pk>
 </home/felicitas/.texlive2016/texmf-var/fonts/pk/ljfour/jknappen/ec/ecbx2488.6
00pk></usr/share/texlive/texmf-dist/fonts/type1/public/amsfonts/cm/cmex10.pfb><
/usr/share/texlive/texmf-dist/fonts/type1/public/amsfonts/cm/cmmi10.pfb></usr/s
hare/texlive/texmf-dist/fonts/type1/public/amsfonts/cm/cmr10.pfb></usr/share/te
xlive/texmf-dist/fonts/type1/public/amsfonts/cm/cmr9.pfb></usr/share/texlive/te
xmf-dist/fonts/type1/public/amsfonts/cm/cmsy10.pfb></usr/share/texlive/texmf-di
st/fonts/type1/public/amsfonts/cm/cmsy9.pfb></usr/share/texlive/texmf-dist/font
s/type1/public/allrunes/frucmn.pfb></usr/share/texlive/texmf-dist/fonts/type1/p
ublic/allrunes/frucnn.pfb></usr/share/texlive/texmf-dist/fonts/type1/public/ams
fonts/symbols/msbm10.pfb>
Output written on DieRunen.pdf (108 pages, 393256 bytes).
PDF statistics:
 908 PDF objects out of 1000 (max. 8388607)
 314 compressed objects within 4 object streams
 0 named destinations out of 1000 (max. 500000)
 1 words of extra memory for PDF output out of 10000 (max. 10000000)

